Start testing: Feb 27 15:04 EST
----------------------------------------------------------
1/1 Testing: cgenarris_test
1/1 Test: cgenarris_test
Command: "/home/wwen/Merged_Genarris/Fork_Version/cgenarris/build/cgenarris_test"
Directory: /home/wwen/Merged_Genarris/Fork_Version/cgenarris/test/regression_test1/
"cgenarris_test" start time: Feb 27 15:04 EST
Output:
----------------------------------------------------------
Running regression test...
PARALLELIZATION INFO:
---------------------------
Using MPI for parallelization.
cgenarris is running on 1 processes. 
Master Rank host name: coe.psc.edu 
The local time is now: Sat Feb 27 15:04:35 2021
---------------------------

MOLECULAR GEOMETRY:
-----------------------------
#total atoms in the molecule = 30 

atom    -1.235465    -1.406694     0.022262    C  
atom    -0.000461    -0.727328     0.010933    C  
atom    -1.237012    -2.498989     0.037728    H  
atom    -2.452391    -0.724853     0.012755    C  
atom     0.000463     0.727328    -0.010933    C  
atom     1.233717    -1.408157     0.019176    C  
atom    -2.451465     0.727933    -0.008164    C  
atom    -3.710108    -1.406374     0.022032    C  
atom    -1.233715     1.408158    -0.019176    C  
atom     1.235467     1.406694    -0.022262    C  
atom     2.451457    -0.727936     0.008162    C  
atom     1.233416    -2.500456     0.034924    H  
atom    -3.708311     1.410956    -0.019213    C  
atom    -4.890909    -0.710597     0.010954    C  
atom    -3.708781    -2.497628     0.037456    H  
atom    -1.233415     2.500456    -0.034924    H  
atom     1.237013     2.498989    -0.037729    H  
atom     2.452393     0.724853    -0.012756    C  
atom     3.708313    -1.410956     0.019212    C  
atom    -3.706015     2.502158    -0.037203    H  
atom    -4.889975     0.716552    -0.010199    C  
atom    -5.840868    -1.245462     0.016921    H  
atom     3.710110     1.406374    -0.022033    C  
atom     4.889976    -0.716552     0.010199    C  
atom     3.706014    -2.502154     0.037212    H  
atom    -5.839312     1.252411    -0.022488    H  
atom     3.708782     2.497628    -0.037456    H  
atom     4.890911     0.710597    -0.010954    C  
atom     5.839304    -1.252415     0.022486    H  
atom     5.840869     1.245462    -0.016921    H  
-----------------------------

INPUT SETTINGS:
-----------------------------
Number of structures per space group:         2 
Number of molecules in the cell:              2
Mean volume of unit cell:                     600.000000
Standard deviation of unit cell volume:       40.000000
Spacegroup distribution type:                 uniform
Maximum attempts per space group:             100000
Volume attempts:                              10000
Random seed:                                  223344
Tolerance:                                    0.100000
-----------------------------

COMPATIBLE SPACE GROUP INFO:
-----------------------------------------------------
Detecting compatible space groups from molecule symmetries...
spg   2 Wyckoff position 2i with site symmetry   1 is compatible.
spg   3 Wyckoff position 2e with site symmetry   1 is compatible.
spg   4 Wyckoff position 2a with site symmetry   1 is compatible.
spg   5 Wyckoff position 2b with site symmetry   2 is compatible.
spg   5 Wyckoff position 2a with site symmetry   2 is compatible.
spg   6 Wyckoff position 2c with site symmetry   1 is compatible.
spg   7 Wyckoff position 2a with site symmetry   1 is compatible.
spg   8 Wyckoff position 2a with site symmetry   m is compatible.
spg  10 Wyckoff position 2n with site symmetry   m is compatible.
spg  10 Wyckoff position 2m with site symmetry   m is compatible.
spg  10 Wyckoff position 2l with site symmetry   2 is compatible.
spg  10 Wyckoff position 2k with site symmetry   2 is compatible.
spg  10 Wyckoff position 2j with site symmetry   2 is compatible.
spg  10 Wyckoff position 2i with site symmetry   2 is compatible.
spg  11 Wyckoff position 2e with site symmetry   m is compatible.
spg  11 Wyckoff position 2d with site symmetry  -1 is compatible.
spg  11 Wyckoff position 2c with site symmetry  -1 is compatible.
spg  11 Wyckoff position 2b with site symmetry  -1 is compatible.
spg  11 Wyckoff position 2a with site symmetry  -1 is compatible.
spg  12 Wyckoff position 2d with site symmetry 2/m is compatible.
spg  12 Wyckoff position 2c with site symmetry 2/m is compatible.
spg  12 Wyckoff position 2b with site symmetry 2/m is compatible.
spg  12 Wyckoff position 2a with site symmetry 2/m is compatible.
spg  13 Wyckoff position 2f with site symmetry   2 is compatible.
spg  13 Wyckoff position 2e with site symmetry   2 is compatible.
spg  13 Wyckoff position 2d with site symmetry  -1 is compatible.
spg  13 Wyckoff position 2c with site symmetry  -1 is compatible.
spg  13 Wyckoff position 2b with site symmetry  -1 is compatible.
spg  13 Wyckoff position 2a with site symmetry  -1 is compatible.
spg  14 Wyckoff position 2d with site symmetry  -1 is compatible.
spg  14 Wyckoff position 2c with site symmetry  -1 is compatible.
spg  14 Wyckoff position 2b with site symmetry  -1 is compatible.
spg  14 Wyckoff position 2a with site symmetry  -1 is compatible.
spg  16 Wyckoff position 2t with site symmetry   2 is compatible.
spg  16 Wyckoff position 2s with site symmetry   2 is compatible.
spg  16 Wyckoff position 2r with site symmetry   2 is compatible.
spg  16 Wyckoff position 2q with site symmetry   2 is compatible.
spg  16 Wyckoff position 2p with site symmetry   2 is compatible.
spg  16 Wyckoff position 2o with site symmetry   2 is compatible.
spg  16 Wyckoff position 2n with site symmetry   2 is compatible.
spg  16 Wyckoff position 2m with site symmetry   2 is compatible.
spg  16 Wyckoff position 2l with site symmetry   2 is compatible.
spg  16 Wyckoff position 2k with site symmetry   2 is compatible.
spg  16 Wyckoff position 2j with site symmetry   2 is compatible.
spg  16 Wyckoff position 2i with site symmetry   2 is compatible.
spg  17 Wyckoff position 2d with site symmetry   2 is compatible.
spg  17 Wyckoff position 2c with site symmetry   2 is compatible.
spg  17 Wyckoff position 2b with site symmetry   2 is compatible.
spg  17 Wyckoff position 2a with site symmetry   2 is compatible.
spg  18 Wyckoff position 2b with site symmetry   2 is compatible.
spg  18 Wyckoff position 2a with site symmetry   2 is compatible.
spg  21 Wyckoff position 2d with site symmetry 222 is compatible.
spg  21 Wyckoff position 2c with site symmetry 222 is compatible.
spg  21 Wyckoff position 2b with site symmetry 222 is compatible.
spg  21 Wyckoff position 2a with site symmetry 222 is compatible.
spg  23 Wyckoff position 2d with site symmetry 222 is compatible.
spg  23 Wyckoff position 2c with site symmetry 222 is compatible.
spg  23 Wyckoff position 2b with site symmetry 222 is compatible.
spg  23 Wyckoff position 2a with site symmetry 222 is compatible.
spg  25 Wyckoff position 2h with site symmetry   m is compatible.
spg  25 Wyckoff position 2g with site symmetry   m is compatible.
spg  25 Wyckoff position 2f with site symmetry   m is compatible.
spg  25 Wyckoff position 2e with site symmetry   m is compatible.
spg  26 Wyckoff position 2b with site symmetry   m is compatible.
spg  26 Wyckoff position 2a with site symmetry   m is compatible.
spg  27 Wyckoff position 2d with site symmetry   2 is compatible.
spg  27 Wyckoff position 2c with site symmetry   2 is compatible.
spg  27 Wyckoff position 2b with site symmetry   2 is compatible.
spg  27 Wyckoff position 2a with site symmetry   2 is compatible.
spg  28 Wyckoff position 2c with site symmetry   m is compatible.
spg  28 Wyckoff position 2b with site symmetry   2 is compatible.
spg  28 Wyckoff position 2a with site symmetry   2 is compatible.
spg  30 Wyckoff position 2b with site symmetry   2 is compatible.
spg  30 Wyckoff position 2a with site symmetry   2 is compatible.
spg  31 Wyckoff position 2a with site symmetry   m is compatible.
spg  32 Wyckoff position 2b with site symmetry   2 is compatible.
spg  32 Wyckoff position 2a with site symmetry   2 is compatible.
spg  34 Wyckoff position 2b with site symmetry   2 is compatible.
spg  34 Wyckoff position 2a with site symmetry   2 is compatible.
spg  35 Wyckoff position 2b with site symmetry mm2 is compatible.
spg  35 Wyckoff position 2a with site symmetry mm2 is compatible.
spg  38 Wyckoff position 2b with site symmetry mm2 is compatible.
spg  38 Wyckoff position 2a with site symmetry mm2 is compatible.
spg  44 Wyckoff position 2b with site symmetry mm2 is compatible.
spg  44 Wyckoff position 2a with site symmetry mm2 is compatible.
spg  47 Wyckoff position 2t with site symmetry mm2 is compatible.
spg  47 Wyckoff position 2s with site symmetry mm2 is compatible.
spg  47 Wyckoff position 2r with site symmetry mm2 is compatible.
spg  47 Wyckoff position 2q with site symmetry mm2 is compatible.
spg  47 Wyckoff position 2p with site symmetry mm2 is compatible.
spg  47 Wyckoff position 2o with site symmetry mm2 is compatible.
spg  47 Wyckoff position 2n with site symmetry mm2 is compatible.
spg  47 Wyckoff position 2m with site symmetry mm2 is compatible.
spg  47 Wyckoff position 2l with site symmetry mm2 is compatible.
spg  47 Wyckoff position 2k with site symmetry mm2 is compatible.
spg  47 Wyckoff position 2j with site symmetry mm2 is compatible.
spg  47 Wyckoff position 2i with site symmetry mm2 is compatible.
spg  48 Wyckoff position 2d with site symmetry 222 is compatible.
spg  48 Wyckoff position 2c with site symmetry 222 is compatible.
spg  48 Wyckoff position 2b with site symmetry 222 is compatible.
spg  48 Wyckoff position 2a with site symmetry 222 is compatible.
spg  49 Wyckoff position 2h with site symmetry 222 is compatible.
spg  49 Wyckoff position 2g with site symmetry 222 is compatible.
spg  49 Wyckoff position 2f with site symmetry 222 is compatible.
spg  49 Wyckoff position 2e with site symmetry 222 is compatible.
spg  49 Wyckoff position 2d with site symmetry 2/m is compatible.
spg  49 Wyckoff position 2c with site symmetry 2/m is compatible.
spg  49 Wyckoff position 2b with site symmetry 2/m is compatible.
spg  49 Wyckoff position 2a with site symmetry 2/m is compatible.
spg  50 Wyckoff position 2d with site symmetry 222 is compatible.
spg  50 Wyckoff position 2c with site symmetry 222 is compatible.
spg  50 Wyckoff position 2b with site symmetry 222 is compatible.
spg  50 Wyckoff position 2a with site symmetry 222 is compatible.
spg  51 Wyckoff position 2f with site symmetry mm2 is compatible.
spg  51 Wyckoff position 2e with site symmetry mm2 is compatible.
spg  51 Wyckoff position 2d with site symmetry 2/m is compatible.
spg  51 Wyckoff position 2c with site symmetry 2/m is compatible.
spg  51 Wyckoff position 2b with site symmetry 2/m is compatible.
spg  51 Wyckoff position 2a with site symmetry 2/m is compatible.
spg  53 Wyckoff position 2d with site symmetry 2/m is compatible.
spg  53 Wyckoff position 2c with site symmetry 2/m is compatible.
spg  53 Wyckoff position 2b with site symmetry 2/m is compatible.
spg  53 Wyckoff position 2a with site symmetry 2/m is compatible.
spg  55 Wyckoff position 2d with site symmetry 2/m is compatible.
spg  55 Wyckoff position 2c with site symmetry 2/m is compatible.
spg  55 Wyckoff position 2b with site symmetry 2/m is compatible.
spg  55 Wyckoff position 2a with site symmetry 2/m is compatible.
spg  58 Wyckoff position 2d with site symmetry 2/m is compatible.
spg  58 Wyckoff position 2c with site symmetry 2/m is compatible.
spg  58 Wyckoff position 2b with site symmetry 2/m is compatible.
spg  58 Wyckoff position 2a with site symmetry 2/m is compatible.
spg  59 Wyckoff position 2b with site symmetry mm2 is compatible.
spg  59 Wyckoff position 2a with site symmetry mm2 is compatible.
spg  65 Wyckoff position 2d with site symmetry mmm is compatible.
spg  65 Wyckoff position 2c with site symmetry mmm is compatible.
spg  65 Wyckoff position 2b with site symmetry mmm is compatible.
spg  65 Wyckoff position 2a with site symmetry mmm is compatible.
spg  71 Wyckoff position 2d with site symmetry mmm is compatible.
spg  71 Wyckoff position 2c with site symmetry mmm is compatible.
spg  71 Wyckoff position 2b with site symmetry mmm is compatible.
spg  71 Wyckoff position 2a with site symmetry mmm is compatible.
spg  75 Wyckoff position 2c with site symmetry   2 is compatible.
spg  77 Wyckoff position 2c with site symmetry   2 is compatible.
spg  77 Wyckoff position 2b with site symmetry   2 is compatible.
spg  77 Wyckoff position 2a with site symmetry   2 is compatible.
spg  81 Wyckoff position 2g with site symmetry   2 is compatible.
spg  81 Wyckoff position 2f with site symmetry   2 is compatible.
spg  81 Wyckoff position 2e with site symmetry   2 is compatible.
spg  83 Wyckoff position 2f with site symmetry 2/m is compatible.
spg  83 Wyckoff position 2e with site symmetry 2/m is compatible.
spg  84 Wyckoff position 2d with site symmetry 2/m is compatible.
spg  84 Wyckoff position 2c with site symmetry 2/m is compatible.
spg  84 Wyckoff position 2b with site symmetry 2/m is compatible.
spg  84 Wyckoff position 2a with site symmetry 2/m is compatible.
spg  89 Wyckoff position 2f with site symmetry 222 is compatible.
spg  89 Wyckoff position 2e with site symmetry 222 is compatible.
spg  90 Wyckoff position 2b with site symmetry 222 is compatible.
spg  90 Wyckoff position 2a with site symmetry 222 is compatible.
spg  93 Wyckoff position 2f with site symmetry 222 is compatible.
spg  93 Wyckoff position 2e with site symmetry 222 is compatible.
spg  93 Wyckoff position 2d with site symmetry 222 is compatible.
spg  93 Wyckoff position 2c with site symmetry 222 is compatible.
spg  93 Wyckoff position 2b with site symmetry 222 is compatible.
spg  93 Wyckoff position 2a with site symmetry 222 is compatible.
spg  94 Wyckoff position 2b with site symmetry 222 is compatible.
spg  94 Wyckoff position 2a with site symmetry 222 is compatible.
spg  99 Wyckoff position 2c with site symmetry mm2 is compatible.
spg 100 Wyckoff position 2b with site symmetry mm2 is compatible.
spg 101 Wyckoff position 2b with site symmetry mm2 is compatible.
spg 101 Wyckoff position 2a with site symmetry mm2 is compatible.
spg 102 Wyckoff position 2a with site symmetry mm2 is compatible.
spg 105 Wyckoff position 2c with site symmetry mm2 is compatible.
spg 105 Wyckoff position 2b with site symmetry mm2 is compatible.
spg 105 Wyckoff position 2a with site symmetry mm2 is compatible.
spg 111 Wyckoff position 2h with site symmetry mm2 is compatible.
spg 111 Wyckoff position 2g with site symmetry mm2 is compatible.
spg 111 Wyckoff position 2f with site symmetry 222 is compatible.
spg 111 Wyckoff position 2e with site symmetry 222 is compatible.
spg 112 Wyckoff position 2d with site symmetry 222 is compatible.
spg 112 Wyckoff position 2c with site symmetry 222 is compatible.
spg 112 Wyckoff position 2b with site symmetry 222 is compatible.
spg 112 Wyckoff position 2a with site symmetry 222 is compatible.
spg 113 Wyckoff position 2c with site symmetry mm2 is compatible.
spg 115 Wyckoff position 2g with site symmetry mm2 is compatible.
spg 115 Wyckoff position 2f with site symmetry mm2 is compatible.
spg 115 Wyckoff position 2e with site symmetry mm2 is compatible.
spg 116 Wyckoff position 2b with site symmetry 222 is compatible.
spg 116 Wyckoff position 2a with site symmetry 222 is compatible.
spg 117 Wyckoff position 2d with site symmetry 222 is compatible.
spg 117 Wyckoff position 2c with site symmetry 222 is compatible.
spg 118 Wyckoff position 2d with site symmetry 222 is compatible.
spg 118 Wyckoff position 2c with site symmetry 222 is compatible.
spg 123 Wyckoff position 2f with site symmetry mmm is compatible.
spg 123 Wyckoff position 2e with site symmetry mmm is compatible.
spg 127 Wyckoff position 2d with site symmetry mmm is compatible.
spg 127 Wyckoff position 2c with site symmetry mmm is compatible.
spg 131 Wyckoff position 2d with site symmetry mmm is compatible.
spg 131 Wyckoff position 2c with site symmetry mmm is compatible.
spg 131 Wyckoff position 2b with site symmetry mmm is compatible.
spg 131 Wyckoff position 2a with site symmetry mmm is compatible.
spg 132 Wyckoff position 2c with site symmetry mmm is compatible.
spg 132 Wyckoff position 2a with site symmetry mmm is compatible.
spg 136 Wyckoff position 2b with site symmetry mmm is compatible.
spg 136 Wyckoff position 2a with site symmetry mmm is compatible.

Total compatible space groups = 65
-----------------------------------------------------

Starting generation...
The local time is now: Sat Feb 27 15:04:36 2021

Attempting to generate 2 structures in spacegroup number 2....
#Rank        0: Generation successful.
#Rank        0: Completed 10000 attempts.
#Rank        0: Completed 20000 attempts.
#Rank        0: Generation successful.
#Rank        0: Completed 10000 attempts.
#space group counter reset. Moving to next space group...


TIMING INFO:
-----------------------------------------------------
The local time is now: Sat Feb 27 15:04:38 2021
Time spent on space group 2: ~ 1 seconds 
-----------------------------------------------------

Attempting to generate 2 structures in spacegroup number 3....
#Rank        0: Completed 10000 attempts.
#Rank        0: Generation successful.
#Rank        0: Completed 10000 attempts.
#Rank        0: Completed 20000 attempts.
#Rank        0: Generation successful.
#Rank        0: Completed 10000 attempts.
#Rank        0: Completed 20000 attempts.
#Rank        0: Completed 30000 attempts.
#space group counter reset. Moving to next space group...


TIMING INFO:
-----------------------------------------------------
The local time is now: Sat Feb 27 15:04:39 2021
Time spent on space group 3: ~ 1 seconds 
-----------------------------------------------------

Attempting to generate 2 structures in spacegroup number 4....
#Rank        0: Generation successful.
#Rank        0: Completed 10000 attempts.
#Rank        0: Generation successful.
#Rank        0: Completed 10000 attempts.
#space group counter reset. Moving to next space group...


TIMING INFO:
-----------------------------------------------------
The local time is now: Sat Feb 27 15:04:39 2021
Time spent on space group 4: ~ 0 seconds 
-----------------------------------------------------

Attempting to generate 2 structures in spacegroup number 5....
#Rank        0: Generation successful.
#Rank        0: Completed 10000 attempts.
#Rank        0: Generation successful.
#Rank        0: Completed 10000 attempts.
#space group counter reset. Moving to next space group...


TIMING INFO:
-----------------------------------------------------
The local time is now: Sat Feb 27 15:04:39 2021
Time spent on space group 5: ~ 0 seconds 
-----------------------------------------------------

Attempting to generate 2 structures in spacegroup number 6....
#Rank        0: Completed 10000 attempts.
#Rank        0: Completed 20000 attempts.
#Rank        0: Generation successful.
#Rank        0: Completed 10000 attempts.
#Rank        0: Completed 20000 attempts.
#Rank        0: Completed 30000 attempts.
#Rank        0: Completed 40000 attempts.
#Rank        0: Completed 50000 attempts.
#Rank        0: Completed 60000 attempts.
#Rank        0: Completed 70000 attempts.
#Rank        0: Completed 80000 attempts.
#Rank        0: Completed 90000 attempts.
**WARNING: generation failed for space group = 6 after       100000 attempts. 
#space group counter reset. Moving to next space group...


TIMING INFO:
-----------------------------------------------------
The local time is now: Sat Feb 27 15:04:40 2021
Time spent on space group 6: ~ 1 seconds 
-----------------------------------------------------

Attempting to generate 2 structures in spacegroup number 7....
#Rank        0: Generation successful.
#Rank        0: Completed 10000 attempts.
#Rank        0: Generation successful.
#Rank        0: Completed 10000 attempts.
#space group counter reset. Moving to next space group...


TIMING INFO:
-----------------------------------------------------
The local time is now: Sat Feb 27 15:04:40 2021
Time spent on space group 7: ~ 0 seconds 
-----------------------------------------------------

Attempting to generate 2 structures in spacegroup number 8....
#Rank        0: Generation successful.
#Rank        0: Completed 10000 attempts.
#Rank        0: Generation successful.
#Rank        0: Completed 10000 attempts.
#space group counter reset. Moving to next space group...


TIMING INFO:
-----------------------------------------------------
The local time is now: Sat Feb 27 15:04:40 2021
Time spent on space group 8: ~ 0 seconds 
-----------------------------------------------------

Attempting to generate 2 structures in spacegroup number 10....
#Rank        0: Completed 10000 attempts.
#Rank        0: Completed 20000 attempts.
#Rank        0: Completed 30000 attempts.
#Rank        0: Completed 40000 attempts.
#Rank        0: Generation successful.
#Rank        0: Completed 10000 attempts.
#Rank        0: Completed 20000 attempts.
#Rank        0: Generation successful.
#Rank        0: Completed 10000 attempts.
#space group counter reset. Moving to next space group...


TIMING INFO:
-----------------------------------------------------
The local time is now: Sat Feb 27 15:04:41 2021
Time spent on space group 10: ~ 1 seconds 
-----------------------------------------------------

Attempting to generate 2 structures in spacegroup number 11....
#Rank        0: Generation successful.
#Rank        0: Completed 10000 attempts.
#Rank        0: Generation successful.
#Rank        0: Completed 10000 attempts.
#space group counter reset. Moving to next space group...


TIMING INFO:
-----------------------------------------------------
The local time is now: Sat Feb 27 15:04:42 2021
Time spent on space group 11: ~ 1 seconds 
-----------------------------------------------------

Attempting to generate 2 structures in spacegroup number 12....
#Rank        0: Generation successful.
#Rank        0: Completed 10000 attempts.
#Rank        0: Generation successful.
#Rank        0: Completed 10000 attempts.
#space group counter reset. Moving to next space group...


TIMING INFO:
-----------------------------------------------------
The local time is now: Sat Feb 27 15:04:42 2021
Time spent on space group 12: ~ 0 seconds 
-----------------------------------------------------

Attempting to generate 2 structures in spacegroup number 13....
#Rank        0: Generation successful.
#Rank        0: Completed 10000 attempts.
#Rank        0: Generation successful.
#Rank        0: Completed 10000 attempts.
#space group counter reset. Moving to next space group...


TIMING INFO:
-----------------------------------------------------
The local time is now: Sat Feb 27 15:04:42 2021
Time spent on space group 13: ~ 0 seconds 
-----------------------------------------------------

Attempting to generate 2 structures in spacegroup number 14....
#Rank        0: Generation successful.
#Rank        0: Completed 10000 attempts.
#Rank        0: Generation successful.
#Rank        0: Completed 10000 attempts.
#space group counter reset. Moving to next space group...


TIMING INFO:
-----------------------------------------------------
The local time is now: Sat Feb 27 15:04:42 2021
Time spent on space group 14: ~ 0 seconds 
-----------------------------------------------------

Attempting to generate 2 structures in spacegroup number 16....
#Rank        0: Completed 10000 attempts.
#Rank        0: Completed 20000 attempts.
#Rank        0: Generation successful.
#Rank        0: Completed 10000 attempts.
#Rank        0: Completed 20000 attempts.
#Rank        0: Generation successful.
#Rank        0: Completed 10000 attempts.
#space group counter reset. Moving to next space group...


TIMING INFO:
-----------------------------------------------------
The local time is now: Sat Feb 27 15:04:42 2021
Time spent on space group 16: ~ 0 seconds 
-----------------------------------------------------

Attempting to generate 2 structures in spacegroup number 17....
#Rank        0: Completed 10000 attempts.
#Rank        0: Generation successful.
#Rank        0: Completed 10000 attempts.
#Rank        0: Generation successful.
#Rank        0: Completed 10000 attempts.
#Rank        0: Completed 20000 attempts.
#Rank        0: Completed 30000 attempts.
#Rank        0: Completed 40000 attempts.
#space group counter reset. Moving to next space group...


TIMING INFO:
-----------------------------------------------------
The local time is now: Sat Feb 27 15:04:43 2021
Time spent on space group 17: ~ 1 seconds 
-----------------------------------------------------

Attempting to generate 2 structures in spacegroup number 18....
#Rank        0: Generation successful.
#Rank        0: Completed 10000 attempts.
#Rank        0: Generation successful.
#Rank        0: Completed 10000 attempts.
#space group counter reset. Moving to next space group...


TIMING INFO:
-----------------------------------------------------
The local time is now: Sat Feb 27 15:04:43 2021
Time spent on space group 18: ~ 0 seconds 
-----------------------------------------------------

Attempting to generate 2 structures in spacegroup number 21....
#Rank        0: Generation successful.
#Rank        0: Completed 10000 attempts.
#Rank        0: Generation successful.
#Rank        0: Completed 10000 attempts.
#space group counter reset. Moving to next space group...


TIMING INFO:
-----------------------------------------------------
The local time is now: Sat Feb 27 15:04:43 2021
Time spent on space group 21: ~ 0 seconds 
-----------------------------------------------------

Attempting to generate 2 structures in spacegroup number 23....
#Rank        0: Generation successful.
#Rank        0: Completed 10000 attempts.
#Rank        0: Generation successful.
#Rank        0: Completed 10000 attempts.
#space group counter reset. Moving to next space group...


TIMING INFO:
-----------------------------------------------------
The local time is now: Sat Feb 27 15:04:43 2021
Time spent on space group 23: ~ 0 seconds 
-----------------------------------------------------

Attempting to generate 2 structures in spacegroup number 25....
#Rank        0: Completed 10000 attempts.
#Rank        0: Completed 20000 attempts.
#Rank        0: Completed 30000 attempts.
#Rank        0: Completed 40000 attempts.
#Rank        0: Completed 50000 attempts.
#Rank        0: Generation successful.
#Rank        0: Completed 10000 attempts.
#Rank        0: Completed 20000 attempts.
#Rank        0: Completed 30000 attempts.
#Rank        0: Completed 40000 attempts.
#Rank        0: Completed 50000 attempts.
#Rank        0: Completed 60000 attempts.
#Rank        0: Completed 70000 attempts.
#Rank        0: Completed 80000 attempts.
#Rank        0: Completed 90000 attempts.
**WARNING: generation failed for space group = 25 after       100000 attempts. 
#space group counter reset. Moving to next space group...


TIMING INFO:
-----------------------------------------------------
The local time is now: Sat Feb 27 15:04:45 2021
Time spent on space group 25: ~ 2 seconds 
-----------------------------------------------------

Attempting to generate 2 structures in spacegroup number 26....
#Rank        0: Completed 10000 attempts.
#Rank        0: Completed 20000 attempts.
#Rank        0: Generation successful.
#Rank        0: Completed 10000 attempts.
#Rank        0: Generation successful.
#Rank        0: Completed 10000 attempts.
#space group counter reset. Moving to next space group...


TIMING INFO:
-----------------------------------------------------
The local time is now: Sat Feb 27 15:04:45 2021
Time spent on space group 26: ~ 0 seconds 
-----------------------------------------------------

Attempting to generate 2 structures in spacegroup number 27....
#Rank        0: Generation successful.
#Rank        0: Completed 10000 attempts.
#Rank        0: Generation successful.
#Rank        0: Completed 10000 attempts.
#space group counter reset. Moving to next space group...


TIMING INFO:
-----------------------------------------------------
The local time is now: Sat Feb 27 15:04:45 2021
Time spent on space group 27: ~ 0 seconds 
-----------------------------------------------------

Attempting to generate 2 structures in spacegroup number 28....
#Rank        0: Generation successful.
#Rank        0: Completed 10000 attempts.
#Rank        0: Generation successful.
#Rank        0: Completed 10000 attempts.
#space group counter reset. Moving to next space group...


TIMING INFO:
-----------------------------------------------------
The local time is now: Sat Feb 27 15:04:45 2021
Time spent on space group 28: ~ 0 seconds 
-----------------------------------------------------

Attempting to generate 2 structures in spacegroup number 30....
#Rank        0: Generation successful.
#Rank        0: Completed 10000 attempts.
#Rank        0: Generation successful.
#Rank        0: Completed 10000 attempts.
#space group counter reset. Moving to next space group...


TIMING INFO:
-----------------------------------------------------
The local time is now: Sat Feb 27 15:04:45 2021
Time spent on space group 30: ~ 0 seconds 
-----------------------------------------------------

Attempting to generate 2 structures in spacegroup number 31....
#Rank        0: Generation successful.
#Rank        0: Completed 10000 attempts.
#Rank        0: Generation successful.
#Rank        0: Completed 10000 attempts.
#space group counter reset. Moving to next space group...


TIMING INFO:
-----------------------------------------------------
The local time is now: Sat Feb 27 15:04:45 2021
Time spent on space group 31: ~ 0 seconds 
-----------------------------------------------------

Attempting to generate 2 structures in spacegroup number 32....
#Rank        0: Generation successful.
#Rank        0: Completed 10000 attempts.
#Rank        0: Generation successful.
#Rank        0: Completed 10000 attempts.
#space group counter reset. Moving to next space group...


TIMING INFO:
-----------------------------------------------------
The local time is now: Sat Feb 27 15:04:46 2021
Time spent on space group 32: ~ 1 seconds 
-----------------------------------------------------

Attempting to generate 2 structures in spacegroup number 34....
#Rank        0: Generation successful.
#Rank        0: Completed 10000 attempts.
#Rank        0: Generation successful.
#Rank        0: Completed 10000 attempts.
#space group counter reset. Moving to next space group...


TIMING INFO:
-----------------------------------------------------
The local time is now: Sat Feb 27 15:04:46 2021
Time spent on space group 34: ~ 0 seconds 
-----------------------------------------------------

Attempting to generate 2 structures in spacegroup number 35....
#Rank        0: Generation successful.
#Rank        0: Completed 10000 attempts.
#Rank        0: Generation successful.
#Rank        0: Completed 10000 attempts.
#space group counter reset. Moving to next space group...


TIMING INFO:
-----------------------------------------------------
The local time is now: Sat Feb 27 15:04:46 2021
Time spent on space group 35: ~ 0 seconds 
-----------------------------------------------------

Attempting to generate 2 structures in spacegroup number 38....
#Rank        0: Generation successful.
#Rank        0: Completed 10000 attempts.
#Rank        0: Generation successful.
#Rank        0: Completed 10000 attempts.
#space group counter reset. Moving to next space group...


TIMING INFO:
-----------------------------------------------------
The local time is now: Sat Feb 27 15:04:46 2021
Time spent on space group 38: ~ 0 seconds 
-----------------------------------------------------

Attempting to generate 2 structures in spacegroup number 44....
#Rank        0: Generation successful.
#Rank        0: Completed 10000 attempts.
#Rank        0: Generation successful.
#Rank        0: Completed 10000 attempts.
#space group counter reset. Moving to next space group...


TIMING INFO:
-----------------------------------------------------
The local time is now: Sat Feb 27 15:04:46 2021
Time spent on space group 44: ~ 0 seconds 
-----------------------------------------------------

Attempting to generate 2 structures in spacegroup number 47....
#Rank        0: Completed 10000 attempts.
#Rank        0: Completed 20000 attempts.
#Rank        0: Completed 30000 attempts.
#Rank        0: Completed 40000 attempts.
#Rank        0: Generation successful.
#Rank        0: Completed 10000 attempts.
#Rank        0: Completed 20000 attempts.
#Rank        0: Completed 30000 attempts.
#Rank        0: Generation successful.
#Rank        0: Completed 10000 attempts.
#space group counter reset. Moving to next space group...


TIMING INFO:
-----------------------------------------------------
The local time is now: Sat Feb 27 15:04:48 2021
Time spent on space group 47: ~ 2 seconds 
-----------------------------------------------------

Attempting to generate 2 structures in spacegroup number 48....
#Rank        0: Generation successful.
#Rank        0: Completed 10000 attempts.
#Rank        0: Generation successful.
#Rank        0: Completed 10000 attempts.
#space group counter reset. Moving to next space group...


TIMING INFO:
-----------------------------------------------------
The local time is now: Sat Feb 27 15:04:48 2021
Time spent on space group 48: ~ 0 seconds 
-----------------------------------------------------

Attempting to generate 2 structures in spacegroup number 49....
#Rank        0: Generation successful.
#Rank        0: Completed 10000 attempts.
#Rank        0: Generation successful.
#Rank        0: Completed 10000 attempts.
#Rank        0: Completed 20000 attempts.
#space group counter reset. Moving to next space group...


TIMING INFO:
-----------------------------------------------------
The local time is now: Sat Feb 27 15:04:49 2021
Time spent on space group 49: ~ 1 seconds 
-----------------------------------------------------

Attempting to generate 2 structures in spacegroup number 50....
#Rank        0: Generation successful.
#Rank        0: Completed 10000 attempts.
#Rank        0: Generation successful.
#Rank        0: Completed 10000 attempts.
#space group counter reset. Moving to next space group...


TIMING INFO:
-----------------------------------------------------
The local time is now: Sat Feb 27 15:04:49 2021
Time spent on space group 50: ~ 0 seconds 
-----------------------------------------------------

Attempting to generate 2 structures in spacegroup number 51....
#Rank        0: Generation successful.
#Rank        0: Completed 10000 attempts.
#Rank        0: Generation successful.
#Rank        0: Completed 10000 attempts.
#space group counter reset. Moving to next space group...


TIMING INFO:
-----------------------------------------------------
The local time is now: Sat Feb 27 15:04:49 2021
Time spent on space group 51: ~ 0 seconds 
-----------------------------------------------------

Attempting to generate 2 structures in spacegroup number 53....
#Rank        0: Generation successful.
#Rank        0: Completed 10000 attempts.
#Rank        0: Generation successful.
#Rank        0: Completed 10000 attempts.
#Rank        0: Completed 20000 attempts.
#space group counter reset. Moving to next space group...


TIMING INFO:
-----------------------------------------------------
The local time is now: Sat Feb 27 15:04:49 2021
Time spent on space group 53: ~ 0 seconds 
-----------------------------------------------------

Attempting to generate 2 structures in spacegroup number 55....
#Rank        0: Generation successful.
#Rank        0: Completed 10000 attempts.
#Rank        0: Generation successful.
#Rank        0: Completed 10000 attempts.
#space group counter reset. Moving to next space group...


TIMING INFO:
-----------------------------------------------------
The local time is now: Sat Feb 27 15:04:50 2021
Time spent on space group 55: ~ 1 seconds 
-----------------------------------------------------

Attempting to generate 2 structures in spacegroup number 58....
#Rank        0: Generation successful.
#Rank        0: Completed 10000 attempts.
#Rank        0: Generation successful.
#Rank        0: Completed 10000 attempts.
#space group counter reset. Moving to next space group...


TIMING INFO:
-----------------------------------------------------
The local time is now: Sat Feb 27 15:04:50 2021
Time spent on space group 58: ~ 0 seconds 
-----------------------------------------------------

Attempting to generate 2 structures in spacegroup number 59....
#Rank        0: Generation successful.
#Rank        0: Completed 10000 attempts.
#Rank        0: Generation successful.
#Rank        0: Completed 10000 attempts.
#space group counter reset. Moving to next space group...


TIMING INFO:
-----------------------------------------------------
The local time is now: Sat Feb 27 15:04:50 2021
Time spent on space group 59: ~ 0 seconds 
-----------------------------------------------------

Attempting to generate 2 structures in spacegroup number 65....
#Rank        0: Generation successful.
#Rank        0: Completed 10000 attempts.
#Rank        0: Generation successful.
#Rank        0: Completed 10000 attempts.
#space group counter reset. Moving to next space group...


TIMING INFO:
-----------------------------------------------------
The local time is now: Sat Feb 27 15:04:50 2021
Time spent on space group 65: ~ 0 seconds 
-----------------------------------------------------

Attempting to generate 2 structures in spacegroup number 71....
#Rank        0: Generation successful.
#Rank        0: Completed 10000 attempts.
#Rank        0: Generation successful.
#Rank        0: Completed 10000 attempts.
#space group counter reset. Moving to next space group...


TIMING INFO:
-----------------------------------------------------
The local time is now: Sat Feb 27 15:04:50 2021
Time spent on space group 71: ~ 0 seconds 
-----------------------------------------------------

Attempting to generate 2 structures in spacegroup number 75....
#Rank        0: Completed 10000 attempts.
#Rank        0: Generation successful.
#Rank        0: Completed 10000 attempts.
#Rank        0: Generation successful.
#Rank        0: Completed 10000 attempts.
#Rank        0: Completed 20000 attempts.
#space group counter reset. Moving to next space group...


TIMING INFO:
-----------------------------------------------------
The local time is now: Sat Feb 27 15:04:50 2021
Time spent on space group 75: ~ 0 seconds 
-----------------------------------------------------

Attempting to generate 2 structures in spacegroup number 77....
#Rank        0: Generation successful.
#Rank        0: Completed 10000 attempts.
#Rank        0: Generation successful.
#Rank        0: Completed 10000 attempts.
#space group counter reset. Moving to next space group...


TIMING INFO:
-----------------------------------------------------
The local time is now: Sat Feb 27 15:04:50 2021
Time spent on space group 77: ~ 0 seconds 
-----------------------------------------------------

Attempting to generate 2 structures in spacegroup number 81....
#Rank        0: Completed 10000 attempts.
#Rank        0: Generation successful.
#Rank        0: Completed 10000 attempts.
#Rank        0: Generation successful.
#Rank        0: Completed 10000 attempts.
#space group counter reset. Moving to next space group...


TIMING INFO:
-----------------------------------------------------
The local time is now: Sat Feb 27 15:04:51 2021
Time spent on space group 81: ~ 1 seconds 
-----------------------------------------------------

Attempting to generate 2 structures in spacegroup number 83....
#Rank        0: Completed 10000 attempts.
#Rank        0: Generation successful.
#Rank        0: Completed 10000 attempts.
#Rank        0: Completed 20000 attempts.
#Rank        0: Generation successful.
#Rank        0: Completed 10000 attempts.
#Rank        0: Completed 20000 attempts.
#space group counter reset. Moving to next space group...


TIMING INFO:
-----------------------------------------------------
The local time is now: Sat Feb 27 15:04:52 2021
Time spent on space group 83: ~ 1 seconds 
-----------------------------------------------------

Attempting to generate 2 structures in spacegroup number 84....
#Rank        0: Generation successful.
#Rank        0: Completed 10000 attempts.
#Rank        0: Generation successful.
#Rank        0: Completed 10000 attempts.
#space group counter reset. Moving to next space group...


TIMING INFO:
-----------------------------------------------------
The local time is now: Sat Feb 27 15:04:52 2021
Time spent on space group 84: ~ 0 seconds 
-----------------------------------------------------

Attempting to generate 2 structures in spacegroup number 89....
#Rank        0: Completed 10000 attempts.
#Rank        0: Completed 20000 attempts.
#Rank        0: Completed 30000 attempts.
#Rank        0: Completed 40000 attempts.
#Rank        0: Completed 50000 attempts.
#Rank        0: Completed 60000 attempts.
#Rank        0: Completed 70000 attempts.
#Rank        0: Completed 80000 attempts.
#Rank        0: Completed 90000 attempts.
**WARNING: generation failed for space group = 89 after       100000 attempts. 
#space group counter reset. Moving to next space group...


TIMING INFO:
-----------------------------------------------------
The local time is now: Sat Feb 27 15:04:56 2021
Time spent on space group 89: ~ 4 seconds 
-----------------------------------------------------

Attempting to generate 2 structures in spacegroup number 90....
#Rank        0: Generation successful.
#Rank        0: Completed 10000 attempts.
#Rank        0: Completed 20000 attempts.
#Rank        0: Completed 30000 attempts.
#Rank        0: Completed 40000 attempts.
#Rank        0: Generation successful.
#Rank        0: Completed 10000 attempts.
#space group counter reset. Moving to next space group...


TIMING INFO:
-----------------------------------------------------
The local time is now: Sat Feb 27 15:04:56 2021
Time spent on space group 90: ~ 0 seconds 
-----------------------------------------------------

Attempting to generate 2 structures in spacegroup number 93....
#Rank        0: Generation successful.
#Rank        0: Completed 10000 attempts.
#Rank        0: Generation successful.
#Rank        0: Completed 10000 attempts.
#space group counter reset. Moving to next space group...


TIMING INFO:
-----------------------------------------------------
The local time is now: Sat Feb 27 15:04:56 2021
Time spent on space group 93: ~ 0 seconds 
-----------------------------------------------------

Attempting to generate 2 structures in spacegroup number 94....
#Rank        0: Generation successful.
#Rank        0: Completed 10000 attempts.
#Rank        0: Generation successful.
#Rank        0: Completed 10000 attempts.
#space group counter reset. Moving to next space group...


TIMING INFO:
-----------------------------------------------------
The local time is now: Sat Feb 27 15:04:56 2021
Time spent on space group 94: ~ 0 seconds 
-----------------------------------------------------

Attempting to generate 2 structures in spacegroup number 99....
#Rank        0: Completed 10000 attempts.
#Rank        0: Completed 20000 attempts.
#Rank        0: Completed 30000 attempts.
#Rank        0: Completed 40000 attempts.
#Rank        0: Completed 50000 attempts.
#Rank        0: Completed 60000 attempts.
#Rank        0: Completed 70000 attempts.
#Rank        0: Completed 80000 attempts.
#Rank        0: Completed 90000 attempts.
**WARNING: generation failed for space group = 99 after       100000 attempts. 
#space group counter reset. Moving to next space group...


TIMING INFO:
-----------------------------------------------------
The local time is now: Sat Feb 27 15:05:00 2021
Time spent on space group 99: ~ 4 seconds 
-----------------------------------------------------

Attempting to generate 2 structures in spacegroup number 100....
#Rank        0: Generation successful.
#Rank        0: Completed 10000 attempts.
#Rank        0: Completed 20000 attempts.
#Rank        0: Completed 30000 attempts.
#Rank        0: Completed 40000 attempts.
#Rank        0: Completed 50000 attempts.
#Rank        0: Completed 60000 attempts.
#Rank        0: Completed 70000 attempts.
#Rank        0: Completed 80000 attempts.
#Rank        0: Completed 90000 attempts.
**WARNING: generation failed for space group = 100 after       100000 attempts. 
#space group counter reset. Moving to next space group...


TIMING INFO:
-----------------------------------------------------
The local time is now: Sat Feb 27 15:05:03 2021
Time spent on space group 100: ~ 3 seconds 
-----------------------------------------------------

Attempting to generate 2 structures in spacegroup number 101....
#Rank        0: Generation successful.
#Rank        0: Completed 10000 attempts.
#Rank        0: Generation successful.
#Rank        0: Completed 10000 attempts.
#space group counter reset. Moving to next space group...


TIMING INFO:
-----------------------------------------------------
The local time is now: Sat Feb 27 15:05:03 2021
Time spent on space group 101: ~ 0 seconds 
-----------------------------------------------------

Attempting to generate 2 structures in spacegroup number 102....
#Rank        0: Generation successful.
#Rank        0: Completed 10000 attempts.
#Rank        0: Generation successful.
#Rank        0: Completed 10000 attempts.
#space group counter reset. Moving to next space group...


TIMING INFO:
-----------------------------------------------------
The local time is now: Sat Feb 27 15:05:03 2021
Time spent on space group 102: ~ 0 seconds 
-----------------------------------------------------

Attempting to generate 2 structures in spacegroup number 105....
#Rank        0: Completed 10000 attempts.
#Rank        0: Completed 20000 attempts.
#Rank        0: Completed 30000 attempts.
#Rank        0: Completed 40000 attempts.
#Rank        0: Completed 50000 attempts.
#Rank        0: Completed 60000 attempts.
#Rank        0: Completed 70000 attempts.
#Rank        0: Completed 80000 attempts.
#Rank        0: Completed 90000 attempts.
**WARNING: generation failed for space group = 105 after       100000 attempts. 
#space group counter reset. Moving to next space group...


TIMING INFO:
-----------------------------------------------------
The local time is now: Sat Feb 27 15:05:07 2021
Time spent on space group 105: ~ 4 seconds 
-----------------------------------------------------

Attempting to generate 2 structures in spacegroup number 111....
#Rank        0: Generation successful.
#Rank        0: Completed 10000 attempts.
#Rank        0: Generation successful.
#Rank        0: Completed 10000 attempts.
#space group counter reset. Moving to next space group...


TIMING INFO:
-----------------------------------------------------
The local time is now: Sat Feb 27 15:05:07 2021
Time spent on space group 111: ~ 0 seconds 
-----------------------------------------------------

Attempting to generate 2 structures in spacegroup number 112....
#Rank        0: Completed 10000 attempts.
#Rank        0: Completed 20000 attempts.
#Rank        0: Completed 30000 attempts.
#Rank        0: Completed 40000 attempts.
#Rank        0: Completed 50000 attempts.
#Rank        0: Completed 60000 attempts.
#Rank        0: Completed 70000 attempts.
#Rank        0: Completed 80000 attempts.
#Rank        0: Completed 90000 attempts.
**WARNING: generation failed for space group = 112 after       100000 attempts. 
#space group counter reset. Moving to next space group...


TIMING INFO:
-----------------------------------------------------
The local time is now: Sat Feb 27 15:05:12 2021
Time spent on space group 112: ~ 5 seconds 
-----------------------------------------------------

Attempting to generate 2 structures in spacegroup number 113....
#Rank        0: Generation successful.
#Rank        0: Completed 10000 attempts.
#Rank        0: Generation successful.
#Rank        0: Completed 10000 attempts.
#Rank        0: Completed 20000 attempts.
#space group counter reset. Moving to next space group...


TIMING INFO:
-----------------------------------------------------
The local time is now: Sat Feb 27 15:05:12 2021
Time spent on space group 113: ~ 0 seconds 
-----------------------------------------------------

Attempting to generate 2 structures in spacegroup number 115....
#Rank        0: Completed 10000 attempts.
#Rank        0: Completed 20000 attempts.
#Rank        0: Completed 30000 attempts.
#Rank        0: Completed 40000 attempts.
#Rank        0: Completed 50000 attempts.
#Rank        0: Completed 60000 attempts.
#Rank        0: Completed 70000 attempts.
#Rank        0: Completed 80000 attempts.
#Rank        0: Completed 90000 attempts.
**WARNING: generation failed for space group = 115 after       100000 attempts. 
#space group counter reset. Moving to next space group...


TIMING INFO:
-----------------------------------------------------
The local time is now: Sat Feb 27 15:05:16 2021
Time spent on space group 115: ~ 4 seconds 
-----------------------------------------------------

Attempting to generate 2 structures in spacegroup number 116....
#Rank        0: Generation successful.
#Rank        0: Completed 10000 attempts.
#Rank        0: Generation successful.
#Rank        0: Completed 10000 attempts.
#space group counter reset. Moving to next space group...


TIMING INFO:
-----------------------------------------------------
The local time is now: Sat Feb 27 15:05:16 2021
Time spent on space group 116: ~ 0 seconds 
-----------------------------------------------------

Attempting to generate 2 structures in spacegroup number 117....
#Rank        0: Completed 10000 attempts.
#Rank        0: Completed 20000 attempts.
#Rank        0: Completed 30000 attempts.
#Rank        0: Completed 40000 attempts.
#Rank        0: Completed 50000 attempts.
#Rank        0: Completed 60000 attempts.
#Rank        0: Completed 70000 attempts.
#Rank        0: Generation successful.
#Rank        0: Completed 10000 attempts.
#Rank        0: Completed 20000 attempts.
#Rank        0: Completed 30000 attempts.
#Rank        0: Generation successful.
#Rank        0: Completed 10000 attempts.
#space group counter reset. Moving to next space group...


TIMING INFO:
-----------------------------------------------------
The local time is now: Sat Feb 27 15:05:18 2021
Time spent on space group 117: ~ 2 seconds 
-----------------------------------------------------

Attempting to generate 2 structures in spacegroup number 118....
#Rank        0: Generation successful.
#Rank        0: Completed 10000 attempts.
#Rank        0: Generation successful.
#Rank        0: Completed 10000 attempts.
#space group counter reset. Moving to next space group...


TIMING INFO:
-----------------------------------------------------
The local time is now: Sat Feb 27 15:05:18 2021
Time spent on space group 118: ~ 0 seconds 
-----------------------------------------------------

Attempting to generate 2 structures in spacegroup number 123....
#Rank        0: Completed 10000 attempts.
#Rank        0: Completed 20000 attempts.
#Rank        0: Completed 30000 attempts.
#Rank        0: Completed 40000 attempts.
#Rank        0: Completed 50000 attempts.
#Rank        0: Completed 60000 attempts.
#Rank        0: Completed 70000 attempts.
#Rank        0: Completed 80000 attempts.
#Rank        0: Completed 90000 attempts.
**WARNING: generation failed for space group = 123 after       100000 attempts. 
#space group counter reset. Moving to next space group...


TIMING INFO:
-----------------------------------------------------
The local time is now: Sat Feb 27 15:05:26 2021
Time spent on space group 123: ~ 8 seconds 
-----------------------------------------------------

Attempting to generate 2 structures in spacegroup number 127....
#Rank        0: Generation successful.
#Rank        0: Completed 10000 attempts.
#Rank        0: Generation successful.
#Rank        0: Completed 10000 attempts.
#Rank        0: Completed 20000 attempts.
#Rank        0: Completed 30000 attempts.
#Rank        0: Completed 40000 attempts.
#Rank        0: Completed 50000 attempts.
#Rank        0: Completed 60000 attempts.
#Rank        0: Completed 70000 attempts.
#space group counter reset. Moving to next space group...


TIMING INFO:
-----------------------------------------------------
The local time is now: Sat Feb 27 15:05:29 2021
Time spent on space group 127: ~ 3 seconds 
-----------------------------------------------------

Attempting to generate 2 structures in spacegroup number 131....
#Rank        0: Completed 10000 attempts.
#Rank        0: Completed 20000 attempts.
#Rank        0: Completed 30000 attempts.
#Rank        0: Completed 40000 attempts.
#Rank        0: Completed 50000 attempts.
#Rank        0: Completed 60000 attempts.
#Rank        0: Completed 70000 attempts.
#Rank        0: Completed 80000 attempts.
#Rank        0: Completed 90000 attempts.
**WARNING: generation failed for space group = 131 after       100000 attempts. 
#space group counter reset. Moving to next space group...


TIMING INFO:
-----------------------------------------------------
The local time is now: Sat Feb 27 15:05:37 2021
Time spent on space group 131: ~ 8 seconds 
-----------------------------------------------------

Attempting to generate 2 structures in spacegroup number 132....
#Rank        0: Generation successful.
#Rank        0: Completed 10000 attempts.
#Rank        0: Generation successful.
#Rank        0: Completed 10000 attempts.
#space group counter reset. Moving to next space group...


TIMING INFO:
-----------------------------------------------------
The local time is now: Sat Feb 27 15:05:37 2021
Time spent on space group 132: ~ 0 seconds 
-----------------------------------------------------

Attempting to generate 2 structures in spacegroup number 136....
#Rank        0: Generation successful.
#Rank        0: Completed 10000 attempts.
#Rank        0: Generation successful.
#Rank        0: Completed 10000 attempts.
#space group counter reset. Moving to next space group...


TIMING INFO:
-----------------------------------------------------
The local time is now: Sat Feb 27 15:05:37 2021
Time spent on space group 136: ~ 0 seconds 
-----------------------------------------------------

The local time is now: Sat Feb 27 15:05:37 2021
Generation completed.
Have a nice day!!
Regression tests passed
<end of output>
Test time =  61.85 sec
----------------------------------------------------------
Test Passed.
"cgenarris_test" end time: Feb 27 15:05 EST
"cgenarris_test" time elapsed: 00:01:01
----------------------------------------------------------

End testing: Feb 27 15:05 EST
